[ 2015-11-07T12:35:06+08:00 ] 127.0.0.1 /MineAdmin
ERR: SQLSTATE[HY000] [1045] Access denied for user 'root'@'localhost' (using password: YES)

[ 2015-11-07T13:06:59+08:00 ] 127.0.0.1 /MineAdmin/Index/index.html
INFO: [ app_begin ] --START--
INFO: Run Behavior\ReadHtmlCacheBehavior [ RunTime:0.000316s ]
INFO: [ app_begin ] --END-- [ RunTime:0.000513s ]

[ 2015-11-07T13:34:02+08:00 ] 127.0.0.1 /MineAdmin/Index/index.html
INFO: [ app_begin ] --START--
INFO: Run Behavior\ReadHtmlCacheBehavior [ RunTime:0.000290s ]
INFO: [ app_begin ] --END-- [ RunTime:0.000491s ]

[ 2015-11-07T13:36:33+08:00 ] 127.0.0.1 /MineAdmin/Index/index.html
INFO: [ app_begin ] --START--
INFO: Run Behavior\ReadHtmlCacheBehavior [ RunTime:0.000334s ]
INFO: [ app_begin ] --END-- [ RunTime:0.000528s ]

[ 2015-11-07T13:39:54+08:00 ] 127.0.0.1 /MineAdmin/Index/index.html
INFO: [ app_begin ] --START--
INFO: Run Behavior\ReadHtmlCacheBehavior [ RunTime:0.000370s ]
INFO: [ app_begin ] --END-- [ RunTime:0.000617s ]

[ 2015-11-07T13:40:08+08:00 ] 127.0.0.1 /MineAdmin/Index/index.html
INFO: [ app_begin ] --START--
INFO: Run Behavior\ReadHtmlCacheBehavior [ RunTime:0.000324s ]
INFO: [ app_begin ] --END-- [ RunTime:0.000550s ]
SQL: SHOW COLUMNS FROM `me_sysadmin` [ RunTime:0.0021s ]
SQL: SELECT * FROM `me_sysadmin` WHERE `username` = 'admin' AND `password` = 'ebb5636c3f7e5a51dedc95c880460a71' LIMIT 1   [ RunTime:0.0003s ]

[ 2015-11-07T13:40:15+08:00 ] 127.0.0.1 /MineAdmin/Index/index.html
INFO: [ app_begin ] --START--
INFO: Run Behavior\ReadHtmlCacheBehavior [ RunTime:0.000248s ]
INFO: [ app_begin ] --END-- [ RunTime:0.000433s ]

[ 2015-11-07T13:40:24+08:00 ] 127.0.0.1 /MineAdmin/Index/index.html
INFO: [ app_begin ] --START--
INFO: Run Behavior\ReadHtmlCacheBehavior [ RunTime:0.000263s ]
INFO: [ app_begin ] --END-- [ RunTime:0.000458s ]

[ 2015-11-07T13:40:32+08:00 ] 127.0.0.1 /MineAdmin/Index/index.html
INFO: [ app_begin ] --START--
INFO: Run Behavior\ReadHtmlCacheBehavior [ RunTime:0.000337s ]
INFO: [ app_begin ] --END-- [ RunTime:0.000798s ]
SQL: SHOW COLUMNS FROM `me_sysadmin` [ RunTime:0.0034s ]
SQL: SELECT * FROM `me_sysadmin` WHERE `username` = 'admin' AND `password` = '42b3ae09d16e7b60e81e010c63851f92' LIMIT 1   [ RunTime:0.0003s ]

[ 2015-11-07T13:40:45+08:00 ] 127.0.0.1 /MineAdmin/Index/index.html
INFO: [ app_begin ] --START--
INFO: Run Behavior\ReadHtmlCacheBehavior [ RunTime:0.000488s ]
INFO: [ app_begin ] --END-- [ RunTime:0.000991s ]

[ 2015-11-07T13:40:51+08:00 ] 127.0.0.1 /MineAdmin/Index/index.html
INFO: [ app_begin ] --START--
INFO: Run Behavior\ReadHtmlCacheBehavior [ RunTime:0.000263s ]
INFO: [ app_begin ] --END-- [ RunTime:0.000459s ]
SQL: SHOW COLUMNS FROM `me_sysadmin` [ RunTime:0.0020s ]
SQL: SELECT * FROM `me_sysadmin` WHERE `username` = 'admin' AND `password` = '42b3ae09d16e7b60e81e010c63851f92' LIMIT 1   [ RunTime:0.0003s ]

[ 2015-11-07T13:42:25+08:00 ] 127.0.0.1 /MineAdmin/Index/index.html
INFO: [ app_begin ] --START--
INFO: Run Behavior\ReadHtmlCacheBehavior [ RunTime:0.000593s ]
INFO: [ app_begin ] --END-- [ RunTime:0.000877s ]

[ 2015-11-07T13:42:33+08:00 ] 127.0.0.1 /MineAdmin/Index/index.html
INFO: [ app_begin ] --START--
INFO: Run Behavior\ReadHtmlCacheBehavior [ RunTime:0.000529s ]
INFO: [ app_begin ] --END-- [ RunTime:0.000781s ]
SQL: SHOW COLUMNS FROM `me_sysadmin` [ RunTime:0.0021s ]
SQL: SELECT * FROM `me_sysadmin` WHERE `username` = 'yagni' AND `password` = '42b3ae09d16e7b60e81e010c63851f92' LIMIT 1   [ RunTime:0.0003s ]

[ 2015-11-07T13:42:59+08:00 ] 127.0.0.1 /MineAdmin/Index/index.html
INFO: [ app_begin ] --START--
INFO: Run Behavior\ReadHtmlCacheBehavior [ RunTime:0.000493s ]
INFO: [ app_begin ] --END-- [ RunTime:0.000727s ]
SQL: SHOW COLUMNS FROM `me_sysadmin` [ RunTime:0.0020s ]
SQL: SELECT * FROM `me_sysadmin` WHERE `username` = 'yagni' AND `password` = '42b3ae09d16e7b60e81e010c63851f92' LIMIT 1   [ RunTime:0.0003s ]

[ 2015-11-07T13:43:24+08:00 ] 127.0.0.1 /MineAdmin/Index/index.html
INFO: [ app_begin ] --START--
INFO: Run Behavior\ReadHtmlCacheBehavior [ RunTime:0.000396s ]
INFO: [ app_begin ] --END-- [ RunTime:0.000656s ]

[ 2015-11-07T13:43:35+08:00 ] 127.0.0.1 /MineAdmin/Index/index.html
INFO: [ app_begin ] --START--
INFO: Run Behavior\ReadHtmlCacheBehavior [ RunTime:0.000428s ]
INFO: [ app_begin ] --END-- [ RunTime:0.000680s ]

[ 2015-11-07T13:43:41+08:00 ] 127.0.0.1 /MineAdmin/Index/index.html
INFO: [ app_begin ] --START--
INFO: Run Behavior\ReadHtmlCacheBehavior [ RunTime:0.000382s ]
INFO: [ app_begin ] --END-- [ RunTime:0.000671s ]
SQL: SHOW COLUMNS FROM `me_sysadmin` [ RunTime:0.0019s ]
SQL: SELECT * FROM `me_sysadmin` WHERE `username` = 'yagni' AND `password` = '125399e7fd49625a21c174403de214af' LIMIT 1   [ RunTime:0.0003s ]

[ 2015-11-07T13:43:44+08:00 ] 127.0.0.1 /MineAdmin/Index/index.html
INFO: [ app_begin ] --START--
INFO: Run Behavior\ReadHtmlCacheBehavior [ RunTime:0.000384s ]
INFO: [ app_begin ] --END-- [ RunTime:0.000616s ]

[ 2015-11-07T13:43:51+08:00 ] 127.0.0.1 /MineAdmin/Index/index.html
INFO: [ app_begin ] --START--
INFO: Run Behavior\ReadHtmlCacheBehavior [ RunTime:0.000382s ]
INFO: [ app_begin ] --END-- [ RunTime:0.000607s ]

[ 2015-11-07T13:43:59+08:00 ] 127.0.0.1 /MineAdmin/Index/index.html
INFO: [ app_begin ] --START--
INFO: Run Behavior\ReadHtmlCacheBehavior [ RunTime:0.000420s ]
INFO: [ app_begin ] --END-- [ RunTime:0.000646s ]
SQL: SHOW COLUMNS FROM `me_sysadmin` [ RunTime:0.0032s ]
SQL: SELECT * FROM `me_sysadmin` WHERE `username` = 'yagni' AND `password` = '5d9c0e4e52f12bf6b71658327efd531d' LIMIT 1   [ RunTime:0.0003s ]

[ 2015-11-07T13:44:03+08:00 ] 127.0.0.1 /MineAdmin/Index/index.html
INFO: [ app_begin ] --START--
INFO: Run Behavior\ReadHtmlCacheBehavior [ RunTime:0.000382s ]
INFO: [ app_begin ] --END-- [ RunTime:0.000607s ]

[ 2015-11-07T13:44:34+08:00 ] 127.0.0.1 /MineAdmin/Index/index.html
INFO: [ app_begin ] --START--
INFO: Run Behavior\ReadHtmlCacheBehavior [ RunTime:0.000505s ]
INFO: [ app_begin ] --END-- [ RunTime:0.000741s ]
SQL: SHOW COLUMNS FROM `me_sysadmin` [ RunTime:0.0023s ]
SQL: SELECT * FROM `me_sysadmin` WHERE `username` = 'yagni' AND `password` = '125399e7fd49625a21c174403de214af' LIMIT 1   [ RunTime:0.0002s ]

[ 2015-11-07T13:44:44+08:00 ] 127.0.0.1 /MineAdmin/Index/index.html
INFO: [ app_begin ] --START--
INFO: Run Behavior\ReadHtmlCacheBehavior [ RunTime:0.000453s ]
INFO: [ app_begin ] --END-- [ RunTime:0.000764s ]
SQL: SHOW COLUMNS FROM `me_sysadmin` [ RunTime:0.0024s ]
SQL: SELECT * FROM `me_sysadmin` WHERE `username` = 'yagni' AND `password` = '42b3ae09d16e7b60e81e010c63851f92' LIMIT 1   [ RunTime:0.0003s ]

[ 2015-11-07T13:45:00+08:00 ] 127.0.0.1 /MineAdmin/Sysmodule/sysmoduleJsonData.html
INFO: [ app_begin ] --START--
INFO: Run Behavior\ReadHtmlCacheBehavior [ RunTime:0.000508s ]
INFO: [ app_begin ] --END-- [ RunTime:0.000835s ]
SQL: SHOW COLUMNS FROM `me_sysmodule` [ RunTime:0.0051s ]
SQL: SELECT `id` FROM `me_sysmodule` WHERE `url` = 'Sysmodule/sysmoduleList' LIMIT 1   [ RunTime:0.0007s ]
SQL: SELECT * FROM `me_sysmodule` WHERE ( pid = 0 ) ORDER BY orderby asc, createtime desc  [ RunTime:0.0006s ]
SQL: SELECT * FROM `me_sysmodule` WHERE ( pid = 1 ) ORDER BY orderby asc, createtime desc  [ RunTime:0.0006s ]
SQL: SELECT * FROM `me_sysmodule` WHERE ( pid = 6 ) ORDER BY orderby asc, createtime desc  [ RunTime:0.0006s ]
INFO: [ app_end ] --START--
INFO: Run Behavior\ShowPageTraceBehavior [ RunTime:0.001456s ]
INFO: [ app_end ] --END-- [ RunTime:0.001598s ]

[ 2015-11-07T13:45:01+08:00 ] 127.0.0.1 /MineAdmin/Sysadmin/sysmodulePowerJsonList.html
INFO: [ app_begin ] --START--
INFO: Run Behavior\ReadHtmlCacheBehavior [ RunTime:0.000462s ]
INFO: [ app_begin ] --END-- [ RunTime:0.000703s ]
SQL: SHOW COLUMNS FROM `me_sysmodule` [ RunTime:0.0028s ]
SQL: SELECT `id` FROM `me_sysmodule` WHERE `url` = 'Sysadmin/sysadminList' LIMIT 1   [ RunTime:0.0005s ]
SQL: SELECT `id`,`title` AS `text` FROM `me_sysmodule` WHERE ( pid = 0 ) ORDER BY orderby asc, createtime desc  [ RunTime:0.0002s ]
SQL: SELECT `id`,`title` AS `text` FROM `me_sysmodule` WHERE ( pid = 1 ) ORDER BY orderby asc, createtime desc  [ RunTime:0.0002s ]
SQL: SELECT `id`,`title` AS `text` FROM `me_sysmodule` WHERE ( pid = 6 ) ORDER BY orderby asc, createtime desc  [ RunTime:0.0002s ]
INFO: [ app_end ] --START--
INFO: Run Behavior\ShowPageTraceBehavior [ RunTime:0.000576s ]
INFO: [ app_end ] --END-- [ RunTime:0.000604s ]

[ 2015-11-07T13:45:01+08:00 ] 127.0.0.1 /MineAdmin/Sysadmin/sysadminJsonData.html
INFO: [ app_begin ] --START--
INFO: Run Behavior\ReadHtmlCacheBehavior [ RunTime:0.000409s ]
INFO: [ app_begin ] --END-- [ RunTime:0.000704s ]
SQL: SHOW COLUMNS FROM `me_sysmodule` [ RunTime:0.0019s ]
SQL: SELECT `id` FROM `me_sysmodule` WHERE `url` = 'Sysadmin/sysadminList' LIMIT 1   [ RunTime:0.0002s ]
SQL: SHOW COLUMNS FROM `me_sysadmin` [ RunTime:0.0030s ]
SQL: SELECT * FROM `me_sysadmin` ORDER BY orderby asc, createtime desc  [ RunTime:0.0003s ]
INFO: [ app_end ] --START--
INFO: Run Behavior\ShowPageTraceBehavior [ RunTime:0.000698s ]
INFO: [ app_end ] --END-- [ RunTime:0.000735s ]

[ 2015-11-07T13:45:01+08:00 ] 127.0.0.1 /MineAdmin/Sysadmin/sysmodulePowerJsonList.html
INFO: [ app_begin ] --START--
INFO: Run Behavior\ReadHtmlCacheBehavior [ RunTime:0.000605s ]
INFO: [ app_begin ] --END-- [ RunTime:0.000853s ]
SQL: SHOW COLUMNS FROM `me_sysmodule` [ RunTime:0.0027s ]
SQL: SELECT `id` FROM `me_sysmodule` WHERE `url` = 'Sysadmin/sysadminList' LIMIT 1   [ RunTime:0.0003s ]
SQL: SELECT `id`,`title` AS `text` FROM `me_sysmodule` WHERE ( pid = 0 ) ORDER BY orderby asc, createtime desc  [ RunTime:0.0003s ]
SQL: SELECT `id`,`title` AS `text` FROM `me_sysmodule` WHERE ( pid = 1 ) ORDER BY orderby asc, createtime desc  [ RunTime:0.0004s ]
SQL: SELECT `id`,`title` AS `text` FROM `me_sysmodule` WHERE ( pid = 6 ) ORDER BY orderby asc, createtime desc  [ RunTime:0.0003s ]
INFO: [ app_end ] --START--
INFO: Run Behavior\ShowPageTraceBehavior [ RunTime:0.000676s ]
INFO: [ app_end ] --END-- [ RunTime:0.000709s ]

[ 2015-11-07T13:45:01+08:00 ] 127.0.0.1 /MineAdmin/Sysadmin/sysadminGroupJsonData.html
INFO: [ app_begin ] --START--
INFO: Run Behavior\ReadHtmlCacheBehavior [ RunTime:0.000429s ]
INFO: [ app_begin ] --END-- [ RunTime:0.000737s ]
SQL: SHOW COLUMNS FROM `me_sysmodule` [ RunTime:0.0063s ]
SQL: SELECT `id` FROM `me_sysmodule` WHERE `url` = 'Sysadmin/sysadminGroupList' LIMIT 1   [ RunTime:0.0007s ]
SQL: SHOW COLUMNS FROM `me_sysadmin_group` [ RunTime:0.0040s ]
SQL: SELECT * FROM `me_sysadmin_group` ORDER BY orderby asc, createtime desc  [ RunTime:0.0005s ]
INFO: [ app_end ] --START--
INFO: Run Behavior\ShowPageTraceBehavior [ RunTime:0.001202s ]
INFO: [ app_end ] --END-- [ RunTime:0.001371s ]

[ 2015-11-07T13:45:24+08:00 ] 127.0.0.1 /MineAdmin/Sysadmin/sysmodulePowerJsonList?power=1,2,3,4,5,6,8
INFO: [ app_begin ] --START--
INFO: Run Behavior\ReadHtmlCacheBehavior [ RunTime:0.000468s ]
INFO: [ app_begin ] --END-- [ RunTime:0.000708s ]
SQL: SHOW COLUMNS FROM `me_sysmodule` [ RunTime:0.0059s ]
SQL: SELECT `id` FROM `me_sysmodule` WHERE `url` = 'Sysadmin/sysadminList' LIMIT 1   [ RunTime:0.0012s ]
SQL: SELECT `id`,`title` AS `text` FROM `me_sysmodule` WHERE ( pid = 0 ) ORDER BY orderby asc, createtime desc  [ RunTime:0.0009s ]
SQL: SELECT `id`,`title` AS `text` FROM `me_sysmodule` WHERE ( pid = 1 ) ORDER BY orderby asc, createtime desc  [ RunTime:0.0004s ]
SQL: SELECT `id`,`title` AS `text` FROM `me_sysmodule` WHERE ( pid = 6 ) ORDER BY orderby asc, createtime desc  [ RunTime:0.0004s ]
INFO: [ app_end ] --START--
INFO: Run Behavior\ShowPageTraceBehavior [ RunTime:0.001013s ]
INFO: [ app_end ] --END-- [ RunTime:0.001049s ]

[ 2015-11-07T13:45:24+08:00 ] 127.0.0.1 /MineAdmin/Sysadmin/groupIdForPower?id=3
INFO: [ app_begin ] --START--
INFO: Run Behavior\ReadHtmlCacheBehavior [ RunTime:0.000419s ]
INFO: [ app_begin ] --END-- [ RunTime:0.000725s ]
SQL: SHOW COLUMNS FROM `me_sysmodule` [ RunTime:0.0027s ]
SQL: SELECT `id` FROM `me_sysmodule` WHERE `url` = 'Sysadmin/sysadminList' LIMIT 1   [ RunTime:0.0003s ]
SQL: SHOW COLUMNS FROM `me_sysadmin_group` [ RunTime:0.0022s ]
SQL: SELECT `power` FROM `me_sysadmin_group` WHERE ( id=3 ) LIMIT 1   [ RunTime:0.0002s ]
INFO: [ app_end ] --START--
INFO: Run Behavior\ShowPageTraceBehavior [ RunTime:0.000520s ]
INFO: [ app_end ] --END-- [ RunTime:0.000547s ]

[ 2015-11-07T13:45:24+08:00 ] 127.0.0.1 /MineAdmin/Sysadmin/sysmodulePowerJsonList?power=1,2,3,4,5,6,8
INFO: [ app_begin ] --START--
INFO: Run Behavior\ReadHtmlCacheBehavior [ RunTime:0.000687s ]
INFO: [ app_begin ] --END-- [ RunTime:0.001040s ]
SQL: SHOW COLUMNS FROM `me_sysmodule` [ RunTime:0.0040s ]
SQL: SELECT `id` FROM `me_sysmodule` WHERE `url` = 'Sysadmin/sysadminList' LIMIT 1   [ RunTime:0.0003s ]
SQL: SELECT `id`,`title` AS `text` FROM `me_sysmodule` WHERE ( pid = 0 ) ORDER BY orderby asc, createtime desc  [ RunTime:0.0002s ]
SQL: SELECT `id`,`title` AS `text` FROM `me_sysmodule` WHERE ( pid = 1 ) ORDER BY orderby asc, createtime desc  [ RunTime:0.0001s ]
SQL: SELECT `id`,`title` AS `text` FROM `me_sysmodule` WHERE ( pid = 6 ) ORDER BY orderby asc, createtime desc  [ RunTime:0.0001s ]
INFO: [ app_end ] --START--
INFO: Run Behavior\ShowPageTraceBehavior [ RunTime:0.000595s ]
INFO: [ app_end ] --END-- [ RunTime:0.000636s ]

