[ 2016-02-07T22:50:29+08:00 ] 127.0.0.1 /MineAdmin/Index/index.html
INFO: [ app_begin ] --START--
INFO: Run Behavior\ReadHtmlCacheBehavior [ RunTime:0.000312s ]
INFO: [ app_begin ] --END-- [ RunTime:0.000507s ]
SQL: SHOW COLUMNS FROM `me_sysadmin` [ RunTime:0.0658s ]
SQL: SELECT * FROM `me_sysadmin` WHERE `username` = 'yagni' AND `password` = '42b3ae09d16e7b60e81e010c63851f92' LIMIT 1   [ RunTime:0.0003s ]

[ 2016-02-07T23:15:34+08:00 ] 127.0.0.1 /MineAdmin/Sysmodule/sysmoduleJsonData.html
INFO: [ app_begin ] --START--
INFO: Run Behavior\ReadHtmlCacheBehavior [ RunTime:0.000420s ]
INFO: [ app_begin ] --END-- [ RunTime:0.000674s ]
SQL: SHOW COLUMNS FROM `me_sysmodule` [ RunTime:0.0051s ]
SQL: SELECT `id` FROM `me_sysmodule` WHERE `url` = 'Sysmodule/sysmoduleList' LIMIT 1   [ RunTime:0.0004s ]
SQL: SELECT * FROM `me_sysmodule` WHERE ( pid = 0 ) ORDER BY orderby asc, createtime desc  [ RunTime:0.0006s ]
SQL: SELECT * FROM `me_sysmodule` WHERE ( pid = 1 ) ORDER BY orderby asc, createtime desc  [ RunTime:0.0004s ]
SQL: SELECT * FROM `me_sysmodule` WHERE ( pid = 6 ) ORDER BY orderby asc, createtime desc  [ RunTime:0.0004s ]
INFO: [ app_end ] --START--
INFO: Run Behavior\ShowPageTraceBehavior [ RunTime:0.001326s ]
INFO: [ app_end ] --END-- [ RunTime:0.001383s ]

[ 2016-02-07T23:15:38+08:00 ] 127.0.0.1 /MineAdmin/Sysadmin/sysmodulePowerJsonList.html
INFO: [ app_begin ] --START--
INFO: Run Behavior\ReadHtmlCacheBehavior [ RunTime:0.000465s ]
INFO: [ app_begin ] --END-- [ RunTime:0.000723s ]
SQL: SHOW COLUMNS FROM `me_sysmodule` [ RunTime:0.0027s ]
SQL: SELECT `id` FROM `me_sysmodule` WHERE `url` = 'Sysadmin/sysadminList' LIMIT 1   [ RunTime:0.0002s ]
SQL: SELECT `id`,`title` AS `text` FROM `me_sysmodule` WHERE ( pid = 0 ) ORDER BY orderby asc, createtime desc  [ RunTime:0.0002s ]
SQL: SELECT `id`,`title` AS `text` FROM `me_sysmodule` WHERE ( pid = 1 ) ORDER BY orderby asc, createtime desc  [ RunTime:0.0002s ]
SQL: SELECT `id`,`title` AS `text` FROM `me_sysmodule` WHERE ( pid = 6 ) ORDER BY orderby asc, createtime desc  [ RunTime:0.0002s ]
INFO: [ app_end ] --START--
INFO: Run Behavior\ShowPageTraceBehavior [ RunTime:0.000600s ]
INFO: [ app_end ] --END-- [ RunTime:0.000630s ]

[ 2016-02-07T23:15:38+08:00 ] 127.0.0.1 /MineAdmin/Sysadmin/sysadminJsonData.html
INFO: [ app_begin ] --START--
INFO: Run Behavior\ReadHtmlCacheBehavior [ RunTime:0.000418s ]
INFO: [ app_begin ] --END-- [ RunTime:0.000659s ]
SQL: SHOW COLUMNS FROM `me_sysmodule` [ RunTime:0.0054s ]
SQL: SELECT `id` FROM `me_sysmodule` WHERE `url` = 'Sysadmin/sysadminList' LIMIT 1   [ RunTime:0.0005s ]
SQL: SHOW COLUMNS FROM `me_sysadmin` [ RunTime:0.0035s ]
SQL: SELECT * FROM `me_sysadmin` ORDER BY orderby asc, createtime desc  [ RunTime:0.0003s ]
INFO: [ app_end ] --START--
INFO: Run Behavior\ShowPageTraceBehavior [ RunTime:0.000507s ]
INFO: [ app_end ] --END-- [ RunTime:0.000536s ]

[ 2016-02-07T23:15:38+08:00 ] 127.0.0.1 /MineAdmin/Sysadmin/sysmodulePowerJsonList.html
INFO: [ app_begin ] --START--
INFO: Run Behavior\ReadHtmlCacheBehavior [ RunTime:0.000422s ]
INFO: [ app_begin ] --END-- [ RunTime:0.000697s ]
SQL: SHOW COLUMNS FROM `me_sysmodule` [ RunTime:0.0029s ]
SQL: SELECT `id` FROM `me_sysmodule` WHERE `url` = 'Sysadmin/sysadminList' LIMIT 1   [ RunTime:0.0003s ]
SQL: SELECT `id`,`title` AS `text` FROM `me_sysmodule` WHERE ( pid = 0 ) ORDER BY orderby asc, createtime desc  [ RunTime:0.0003s ]
SQL: SELECT `id`,`title` AS `text` FROM `me_sysmodule` WHERE ( pid = 1 ) ORDER BY orderby asc, createtime desc  [ RunTime:0.0003s ]
SQL: SELECT `id`,`title` AS `text` FROM `me_sysmodule` WHERE ( pid = 6 ) ORDER BY orderby asc, createtime desc  [ RunTime:0.0003s ]
INFO: [ app_end ] --START--
INFO: Run Behavior\ShowPageTraceBehavior [ RunTime:0.001181s ]
INFO: [ app_end ] --END-- [ RunTime:0.001271s ]

[ 2016-02-07T23:15:38+08:00 ] 127.0.0.1 /MineAdmin/Sysadmin/sysadminGroupJsonData.html
INFO: [ app_begin ] --START--
INFO: Run Behavior\ReadHtmlCacheBehavior [ RunTime:0.000616s ]
INFO: [ app_begin ] --END-- [ RunTime:0.001004s ]
SQL: SHOW COLUMNS FROM `me_sysmodule` [ RunTime:0.0049s ]
SQL: SELECT `id` FROM `me_sysmodule` WHERE `url` = 'Sysadmin/sysadminGroupList' LIMIT 1   [ RunTime:0.0008s ]
SQL: SHOW COLUMNS FROM `me_sysadmin_group` [ RunTime:0.0037s ]
SQL: SELECT * FROM `me_sysadmin_group` ORDER BY orderby asc, createtime desc  [ RunTime:0.0003s ]
INFO: [ app_end ] --START--
INFO: Run Behavior\ShowPageTraceBehavior [ RunTime:0.000564s ]
INFO: [ app_end ] --END-- [ RunTime:0.000593s ]

[ 2016-02-07T23:36:46+08:00 ] 127.0.0.1 /MineAdmin/Sysmodule/sysmoduleJsonData.html
INFO: [ app_begin ] --START--
INFO: Run Behavior\ReadHtmlCacheBehavior [ RunTime:0.000458s ]
INFO: [ app_begin ] --END-- [ RunTime:0.000722s ]
ERR: 无法加载控制器:Sysmodule

[ 2016-02-07T23:36:47+08:00 ] 127.0.0.1 /MineAdmin/Sysadmin/sysmodulePowerJsonList.html
INFO: [ app_begin ] --START--
INFO: Run Behavior\ReadHtmlCacheBehavior [ RunTime:0.000408s ]
INFO: [ app_begin ] --END-- [ RunTime:0.000648s ]
SQL: SHOW COLUMNS FROM `me_sysmodule` [ RunTime:0.0030s ]
SQL: SELECT `id` FROM `me_sysmodule` LIMIT 1   [ RunTime:0.0003s ]
SQL: SELECT `id`,`title` AS `text` FROM `me_sysmodule` WHERE ( pid = 0 ) ORDER BY orderby asc, createtime desc  [ RunTime:0.0002s ]
SQL: SELECT `id`,`title` AS `text` FROM `me_sysmodule` WHERE ( pid = 1 ) ORDER BY orderby asc, createtime desc  [ RunTime:0.0003s ]
SQL: SELECT `id`,`title` AS `text` FROM `me_sysmodule` WHERE ( pid = 6 ) ORDER BY orderby asc, createtime desc  [ RunTime:0.0003s ]
INFO: [ app_end ] --START--
INFO: Run Behavior\ShowPageTraceBehavior [ RunTime:0.000637s ]
INFO: [ app_end ] --END-- [ RunTime:0.000667s ]

[ 2016-02-07T23:36:47+08:00 ] 127.0.0.1 /MineAdmin/Sysadmin/sysadminJsonData.html
INFO: [ app_begin ] --START--
INFO: Run Behavior\ReadHtmlCacheBehavior [ RunTime:0.000409s ]
INFO: [ app_begin ] --END-- [ RunTime:0.000642s ]
SQL: SHOW COLUMNS FROM `me_sysmodule` [ RunTime:0.0033s ]
SQL: SELECT `id` FROM `me_sysmodule` LIMIT 1   [ RunTime:0.0002s ]
SQL: SHOW COLUMNS FROM `me_sysadmin` [ RunTime:0.0024s ]
SQL: SELECT * FROM `me_sysadmin` ORDER BY orderby asc, createtime desc  [ RunTime:0.0003s ]
INFO: [ app_end ] --START--
INFO: Run Behavior\ShowPageTraceBehavior [ RunTime:0.000509s ]
INFO: [ app_end ] --END-- [ RunTime:0.000537s ]

[ 2016-02-07T23:36:48+08:00 ] 127.0.0.1 /MineAdmin/Sysadmin/sysmodulePowerJsonList.html
INFO: [ app_begin ] --START--
INFO: Run Behavior\ReadHtmlCacheBehavior [ RunTime:0.000463s ]
INFO: [ app_begin ] --END-- [ RunTime:0.000769s ]
SQL: SHOW COLUMNS FROM `me_sysmodule` [ RunTime:0.0024s ]
SQL: SELECT `id` FROM `me_sysmodule` LIMIT 1   [ RunTime:0.0002s ]
SQL: SELECT `id`,`title` AS `text` FROM `me_sysmodule` WHERE ( pid = 0 ) ORDER BY orderby asc, createtime desc  [ RunTime:0.0002s ]
SQL: SELECT `id`,`title` AS `text` FROM `me_sysmodule` WHERE ( pid = 1 ) ORDER BY orderby asc, createtime desc  [ RunTime:0.0002s ]
SQL: SELECT `id`,`title` AS `text` FROM `me_sysmodule` WHERE ( pid = 6 ) ORDER BY orderby asc, createtime desc  [ RunTime:0.0003s ]
INFO: [ app_end ] --START--
INFO: Run Behavior\ShowPageTraceBehavior [ RunTime:0.000537s ]
INFO: [ app_end ] --END-- [ RunTime:0.000567s ]

[ 2016-02-07T23:36:48+08:00 ] 127.0.0.1 /MineAdmin/Sysadmin/sysadminGroupJsonData.html
INFO: [ app_begin ] --START--
INFO: Run Behavior\ReadHtmlCacheBehavior [ RunTime:0.000405s ]
INFO: [ app_begin ] --END-- [ RunTime:0.000642s ]
SQL: SHOW COLUMNS FROM `me_sysmodule` [ RunTime:0.0022s ]
SQL: SELECT `id` FROM `me_sysmodule` LIMIT 1   [ RunTime:0.0001s ]
SQL: SHOW COLUMNS FROM `me_sysadmin_group` [ RunTime:0.0024s ]
SQL: SELECT * FROM `me_sysadmin_group` ORDER BY orderby asc, createtime desc  [ RunTime:0.0004s ]
INFO: [ app_end ] --START--
INFO: Run Behavior\ShowPageTraceBehavior [ RunTime:0.000598s ]
INFO: [ app_end ] --END-- [ RunTime:0.000626s ]

[ 2016-02-07T23:39:50+08:00 ] 127.0.0.1 /MineAdmin/Sysmodule/sysmoduleJsonData.html
INFO: [ app_begin ] --START--
INFO: Run Behavior\ReadHtmlCacheBehavior [ RunTime:0.000457s ]
INFO: [ app_begin ] --END-- [ RunTime:0.000698s ]
ERR: 无法加载控制器:Sysmodule

[ 2016-02-07T23:39:51+08:00 ] 127.0.0.1 /MineAdmin/Sysadmin/sysmodulePowerJsonList.html
INFO: [ app_begin ] --START--
INFO: Run Behavior\ReadHtmlCacheBehavior [ RunTime:0.000534s ]
INFO: [ app_begin ] --END-- [ RunTime:0.000863s ]
SQL: SHOW COLUMNS FROM `me_sysmodule` [ RunTime:0.0024s ]
SQL: SELECT `id` FROM `me_sysmodule` LIMIT 1   [ RunTime:0.0002s ]
SQL: SELECT `id`,`title` AS `text` FROM `me_sysmodule` WHERE ( pid = 0 ) ORDER BY orderby asc, createtime desc  [ RunTime:0.0003s ]
SQL: SELECT `id`,`title` AS `text` FROM `me_sysmodule` WHERE ( pid = 1 ) ORDER BY orderby asc, createtime desc  [ RunTime:0.0004s ]
SQL: SELECT `id`,`title` AS `text` FROM `me_sysmodule` WHERE ( pid = 6 ) ORDER BY orderby asc, createtime desc  [ RunTime:0.0009s ]
INFO: [ app_end ] --START--
INFO: Run Behavior\ShowPageTraceBehavior [ RunTime:0.001546s ]
INFO: [ app_end ] --END-- [ RunTime:0.001600s ]

[ 2016-02-07T23:39:51+08:00 ] 127.0.0.1 /MineAdmin/Sysadmin/sysadminJsonData.html
INFO: [ app_begin ] --START--
INFO: Run Behavior\ReadHtmlCacheBehavior [ RunTime:0.000493s ]
INFO: [ app_begin ] --END-- [ RunTime:0.000767s ]
SQL: SHOW COLUMNS FROM `me_sysmodule` [ RunTime:0.0023s ]
SQL: SELECT `id` FROM `me_sysmodule` LIMIT 1   [ RunTime:0.0002s ]
SQL: SHOW COLUMNS FROM `me_sysadmin` [ RunTime:0.0022s ]
SQL: SELECT * FROM `me_sysadmin` ORDER BY orderby asc, createtime desc  [ RunTime:0.0002s ]
INFO: [ app_end ] --START--
INFO: Run Behavior\ShowPageTraceBehavior [ RunTime:0.000725s ]
INFO: [ app_end ] --END-- [ RunTime:0.000756s ]

[ 2016-02-07T23:39:51+08:00 ] 127.0.0.1 /MineAdmin/Sysadmin/sysmodulePowerJsonList.html
INFO: [ app_begin ] --START--
INFO: Run Behavior\ReadHtmlCacheBehavior [ RunTime:0.000519s ]
INFO: [ app_begin ] --END-- [ RunTime:0.000776s ]
SQL: SHOW COLUMNS FROM `me_sysmodule` [ RunTime:0.0026s ]
SQL: SELECT `id` FROM `me_sysmodule` LIMIT 1   [ RunTime:0.0003s ]
SQL: SELECT `id`,`title` AS `text` FROM `me_sysmodule` WHERE ( pid = 0 ) ORDER BY orderby asc, createtime desc  [ RunTime:0.0006s ]
SQL: SELECT `id`,`title` AS `text` FROM `me_sysmodule` WHERE ( pid = 1 ) ORDER BY orderby asc, createtime desc  [ RunTime:0.0003s ]
SQL: SELECT `id`,`title` AS `text` FROM `me_sysmodule` WHERE ( pid = 6 ) ORDER BY orderby asc, createtime desc  [ RunTime:0.0002s ]
INFO: [ app_end ] --START--
INFO: Run Behavior\ShowPageTraceBehavior [ RunTime:0.000603s ]
INFO: [ app_end ] --END-- [ RunTime:0.000633s ]

[ 2016-02-07T23:39:51+08:00 ] 127.0.0.1 /MineAdmin/Sysadmin/sysadminGroupJsonData.html
INFO: [ app_begin ] --START--
INFO: Run Behavior\ReadHtmlCacheBehavior [ RunTime:0.000469s ]
INFO: [ app_begin ] --END-- [ RunTime:0.000712s ]
SQL: SHOW COLUMNS FROM `me_sysmodule` [ RunTime:0.0026s ]
SQL: SELECT `id` FROM `me_sysmodule` LIMIT 1   [ RunTime:0.0002s ]
SQL: SHOW COLUMNS FROM `me_sysadmin_group` [ RunTime:0.0021s ]
SQL: SELECT * FROM `me_sysadmin_group` ORDER BY orderby asc, createtime desc  [ RunTime:0.0002s ]
INFO: [ app_end ] --START--
INFO: Run Behavior\ShowPageTraceBehavior [ RunTime:0.000727s ]
INFO: [ app_end ] --END-- [ RunTime:0.000757s ]

[ 2016-02-07T23:42:45+08:00 ] 127.0.0.1 /MineAdmin/Sysmodule/sysmoduleJsonData.html
INFO: [ app_begin ] --START--
INFO: Run Behavior\ReadHtmlCacheBehavior [ RunTime:0.000422s ]
INFO: [ app_begin ] --END-- [ RunTime:0.000704s ]
ERR: 无法加载控制器:Sysmodule

[ 2016-02-07T23:45:00+08:00 ] 127.0.0.1 /MineAdmin/Sysmodule/sysmoduleJsonData.html
INFO: [ app_begin ] --START--
INFO: Run Behavior\ReadHtmlCacheBehavior [ RunTime:0.001523s ]
INFO: [ app_begin ] --END-- [ RunTime:0.002113s ]
ERR: 无法加载控制器:Sysmodule

[ 2016-02-07T23:45:35+08:00 ] 127.0.0.1 /MineAdmin/Sysmodule/sysmoduleJsonData.html
INFO: [ app_begin ] --START--
INFO: Run Behavior\ReadHtmlCacheBehavior [ RunTime:0.000566s ]
INFO: [ app_begin ] --END-- [ RunTime:0.000866s ]
ERR: 无法加载控制器:Sysmodule

[ 2016-02-07T23:45:56+08:00 ] 127.0.0.1 /MineAdmin/Sysmodule/sysmoduleJsonData.html
INFO: [ app_begin ] --START--
INFO: Run Behavior\ReadHtmlCacheBehavior [ RunTime:0.000551s ]
INFO: [ app_begin ] --END-- [ RunTime:0.000795s ]
ERR: 无法加载控制器:Sysmodule

[ 2016-02-07T23:46:48+08:00 ] 127.0.0.1 /MineAdmin/Sysmodule/sysmoduleJsonData.html
INFO: [ app_begin ] --START--
INFO: Run Behavior\ReadHtmlCacheBehavior [ RunTime:0.000430s ]
INFO: [ app_begin ] --END-- [ RunTime:0.000637s ]
ERR: 无法加载控制器:Sysmodule

[ 2016-02-07T23:48:14+08:00 ] 127.0.0.1 /MineAdmin/Sysadmin/sysmoduleJsonData.html
INFO: [ app_begin ] --START--
INFO: Run Behavior\ReadHtmlCacheBehavior [ RunTime:0.000387s ]
INFO: [ app_begin ] --END-- [ RunTime:0.000618s ]
SQL: SHOW COLUMNS FROM `me_sysmodule` [ RunTime:0.0027s ]
SQL: SELECT * FROM `me_sysmodule` WHERE ( pid = 0 ) ORDER BY orderby asc, createtime desc  [ RunTime:0.0004s ]
SQL: SELECT * FROM `me_sysmodule` WHERE ( pid = 1 ) ORDER BY orderby asc, createtime desc  [ RunTime:0.0002s ]
SQL: SELECT * FROM `me_sysmodule` WHERE ( pid = 6 ) ORDER BY orderby asc, createtime desc  [ RunTime:0.0002s ]
INFO: [ app_end ] --START--
INFO: Run Behavior\ShowPageTraceBehavior [ RunTime:0.000742s ]
INFO: [ app_end ] --END-- [ RunTime:0.000777s ]

[ 2016-02-07T23:48:20+08:00 ] 127.0.0.1 /MineAdmin/Sysadmin/sysmoduleJsonData.html
INFO: [ app_begin ] --START--
INFO: Run Behavior\ReadHtmlCacheBehavior [ RunTime:0.000635s ]
INFO: [ app_begin ] --END-- [ RunTime:0.000941s ]
SQL: SHOW COLUMNS FROM `me_sysmodule` [ RunTime:0.0028s ]
SQL: SELECT * FROM `me_sysmodule` WHERE ( pid = 0 ) ORDER BY orderby asc, createtime desc  [ RunTime:0.0003s ]
SQL: SELECT * FROM `me_sysmodule` WHERE ( pid = 1 ) ORDER BY orderby asc, createtime desc  [ RunTime:0.0002s ]
SQL: SELECT * FROM `me_sysmodule` WHERE ( pid = 6 ) ORDER BY orderby asc, createtime desc  [ RunTime:0.0002s ]
INFO: [ app_end ] --START--
INFO: Run Behavior\ShowPageTraceBehavior [ RunTime:0.000878s ]
INFO: [ app_end ] --END-- [ RunTime:0.000912s ]

[ 2016-02-07T23:48:32+08:00 ] 127.0.0.1 /MineAdmin/Sysadmin/sysmoduleJsonData.html
INFO: [ app_begin ] --START--
INFO: Run Behavior\ReadHtmlCacheBehavior [ RunTime:0.000385s ]
INFO: [ app_begin ] --END-- [ RunTime:0.000634s ]
SQL: SHOW COLUMNS FROM `me_sysmodule` [ RunTime:0.0030s ]
SQL: SELECT * FROM `me_sysmodule` WHERE ( pid = 0 ) ORDER BY orderby asc, createtime desc  [ RunTime:0.0003s ]
SQL: SELECT * FROM `me_sysmodule` WHERE ( pid = 1 ) ORDER BY orderby asc, createtime desc  [ RunTime:0.0003s ]
SQL: SELECT * FROM `me_sysmodule` WHERE ( pid = 6 ) ORDER BY orderby asc, createtime desc  [ RunTime:0.0002s ]
INFO: [ app_end ] --START--
INFO: Run Behavior\ShowPageTraceBehavior [ RunTime:0.000571s ]
INFO: [ app_end ] --END-- [ RunTime:0.000598s ]

[ 2016-02-07T23:58:05+08:00 ] 127.0.0.1 /MineAdmin/Sysadmin/sysmoduleJsonData.html
INFO: [ app_begin ] --START--
INFO: Run Behavior\ReadHtmlCacheBehavior [ RunTime:0.000488s ]
INFO: [ app_begin ] --END-- [ RunTime:0.000733s ]
SQL: SHOW COLUMNS FROM `me_sysmodule` [ RunTime:0.0024s ]
SQL: SELECT * FROM `me_sysmodule` WHERE ( pid = 0 ) ORDER BY orderby asc, createtime desc  [ RunTime:0.0004s ]
SQL: SELECT * FROM `me_sysmodule` WHERE ( pid = 1 ) ORDER BY orderby asc, createtime desc  [ RunTime:0.0004s ]
SQL: SELECT * FROM `me_sysmodule` WHERE ( pid = 2 ) ORDER BY orderby asc, createtime desc  [ RunTime:0.0004s ]
SQL: SELECT * FROM `me_sysmodule` WHERE ( pid = 3 ) ORDER BY orderby asc, createtime desc  [ RunTime:0.0002s ]
SQL: SELECT * FROM `me_sysmodule` WHERE ( pid = 4 ) ORDER BY orderby asc, createtime desc  [ RunTime:0.0002s ]
SQL: SELECT * FROM `me_sysmodule` WHERE ( pid = 5 ) ORDER BY orderby asc, createtime desc  [ RunTime:0.0003s ]
SQL: SELECT * FROM `me_sysmodule` WHERE ( pid = 6 ) ORDER BY orderby asc, createtime desc  [ RunTime:0.0004s ]
SQL: SELECT * FROM `me_sysmodule` WHERE ( pid = 8 ) ORDER BY orderby asc, createtime desc  [ RunTime:0.0003s ]
INFO: [ app_end ] --START--
INFO: Run Behavior\ShowPageTraceBehavior [ RunTime:0.000538s ]
INFO: [ app_end ] --END-- [ RunTime:0.000565s ]

[ 2016-02-07T23:58:11+08:00 ] 127.0.0.1 /MineAdmin/Sysadmin/sysmoduleJsonData.html
INFO: [ app_begin ] --START--
INFO: Run Behavior\ReadHtmlCacheBehavior [ RunTime:0.000500s ]
INFO: [ app_begin ] --END-- [ RunTime:0.000777s ]
SQL: SHOW COLUMNS FROM `me_sysmodule` [ RunTime:0.0043s ]
SQL: SELECT * FROM `me_sysmodule` WHERE ( pid = 0 ) ORDER BY orderby asc, createtime desc  [ RunTime:0.0004s ]
SQL: SELECT * FROM `me_sysmodule` WHERE ( pid = 1 ) ORDER BY orderby asc, createtime desc  [ RunTime:0.0002s ]
SQL: SELECT * FROM `me_sysmodule` WHERE ( pid = 2 ) ORDER BY orderby asc, createtime desc  [ RunTime:0.0002s ]
SQL: SELECT * FROM `me_sysmodule` WHERE ( pid = 3 ) ORDER BY orderby asc, createtime desc  [ RunTime:0.0001s ]
SQL: SELECT * FROM `me_sysmodule` WHERE ( pid = 4 ) ORDER BY orderby asc, createtime desc  [ RunTime:0.0002s ]
SQL: SELECT * FROM `me_sysmodule` WHERE ( pid = 5 ) ORDER BY orderby asc, createtime desc  [ RunTime:0.0003s ]
SQL: SELECT * FROM `me_sysmodule` WHERE ( pid = 6 ) ORDER BY orderby asc, createtime desc  [ RunTime:0.0003s ]
SQL: SELECT * FROM `me_sysmodule` WHERE ( pid = 8 ) ORDER BY orderby asc, createtime desc  [ RunTime:0.0002s ]
INFO: [ app_end ] --START--
INFO: Run Behavior\ShowPageTraceBehavior [ RunTime:0.000471s ]
INFO: [ app_end ] --END-- [ RunTime:0.000499s ]

[ 2016-02-07T23:59:27+08:00 ] 127.0.0.1 /MineAdmin/Sysadmin/sysmoduleJsonData.html
INFO: [ app_begin ] --START--
INFO: Run Behavior\ReadHtmlCacheBehavior [ RunTime:0.000414s ]
INFO: [ app_begin ] --END-- [ RunTime:0.000671s ]
SQL: SHOW COLUMNS FROM `me_sysmodule` [ RunTime:0.0021s ]
SQL: SELECT * FROM `me_sysmodule` WHERE ( pid = 0 ) ORDER BY orderby asc, createtime desc  [ RunTime:0.0003s ]
SQL: SELECT * FROM `me_sysmodule` WHERE ( pid = 1 ) ORDER BY orderby asc, createtime desc  [ RunTime:0.0003s ]
SQL: SELECT * FROM `me_sysmodule` WHERE ( pid = 2 ) ORDER BY orderby asc, createtime desc  [ RunTime:0.0002s ]
SQL: SELECT * FROM `me_sysmodule` WHERE ( pid = 3 ) ORDER BY orderby asc, createtime desc  [ RunTime:0.0003s ]
SQL: SELECT * FROM `me_sysmodule` WHERE ( pid = 4 ) ORDER BY orderby asc, createtime desc  [ RunTime:0.0002s ]
SQL: SELECT * FROM `me_sysmodule` WHERE ( pid = 5 ) ORDER BY orderby asc, createtime desc  [ RunTime:0.0002s ]
SQL: SELECT * FROM `me_sysmodule` WHERE ( pid = 6 ) ORDER BY orderby asc, createtime desc  [ RunTime:0.0002s ]
SQL: SELECT * FROM `me_sysmodule` WHERE ( pid = 8 ) ORDER BY orderby asc, createtime desc  [ RunTime:0.0003s ]
INFO: [ app_end ] --START--
INFO: Run Behavior\ShowPageTraceBehavior [ RunTime:0.000744s ]
INFO: [ app_end ] --END-- [ RunTime:0.000775s ]

[ 2016-02-07T23:59:44+08:00 ] 127.0.0.1 /MineAdmin/Sysadmin/sysmoduleJsonData.html
INFO: [ app_begin ] --START--
INFO: Run Behavior\ReadHtmlCacheBehavior [ RunTime:0.000587s ]
INFO: [ app_begin ] --END-- [ RunTime:0.000999s ]
SQL: SHOW COLUMNS FROM `me_sysmodule` [ RunTime:0.0025s ]
SQL: SELECT * FROM `me_sysmodule` WHERE ( pid = 0 ) ORDER BY orderby asc, createtime desc  [ RunTime:0.0003s ]
SQL: SELECT * FROM `me_sysmodule` WHERE ( pid = 1 ) ORDER BY orderby asc, createtime desc  [ RunTime:0.0003s ]
SQL: SELECT * FROM `me_sysmodule` WHERE ( pid = 2 ) ORDER BY orderby asc, createtime desc  [ RunTime:0.0002s ]
SQL: SELECT * FROM `me_sysmodule` WHERE ( pid = 3 ) ORDER BY orderby asc, createtime desc  [ RunTime:0.0002s ]
SQL: SELECT * FROM `me_sysmodule` WHERE ( pid = 4 ) ORDER BY orderby asc, createtime desc  [ RunTime:0.0002s ]
SQL: SELECT * FROM `me_sysmodule` WHERE ( pid = 5 ) ORDER BY orderby asc, createtime desc  [ RunTime:0.0003s ]
SQL: SELECT * FROM `me_sysmodule` WHERE ( pid = 6 ) ORDER BY orderby asc, createtime desc  [ RunTime:0.0003s ]
SQL: SELECT * FROM `me_sysmodule` WHERE ( pid = 8 ) ORDER BY orderby asc, createtime desc  [ RunTime:0.0002s ]
INFO: [ app_end ] --START--
INFO: Run Behavior\ShowPageTraceBehavior [ RunTime:0.000516s ]
INFO: [ app_end ] --END-- [ RunTime:0.000544s ]

