[ 2016-02-08T00:01:18+08:00 ] 127.0.0.1 /MineAdmin/Sysadmin/sysmoduleJsonData.html
INFO: [ app_begin ] --START--
INFO: Run Behavior\ReadHtmlCacheBehavior [ RunTime:0.000616s ]
INFO: [ app_begin ] --END-- [ RunTime:0.000974s ]
SQL: SHOW COLUMNS FROM `me_sysmodule` [ RunTime:0.0027s ]
SQL: SELECT * FROM `me_sysmodule` WHERE ( pid = 0 ) ORDER BY orderby asc, createtime desc  [ RunTime:0.0003s ]
SQL: SELECT * FROM `me_sysmodule` WHERE ( pid = 1 ) ORDER BY orderby asc, createtime desc  [ RunTime:0.0002s ]
SQL: SELECT * FROM `me_sysmodule` WHERE ( pid = 2 ) ORDER BY orderby asc, createtime desc  [ RunTime:0.0002s ]
SQL: SELECT * FROM `me_sysmodule` WHERE ( pid = 3 ) ORDER BY orderby asc, createtime desc  [ RunTime:0.0002s ]
SQL: SELECT * FROM `me_sysmodule` WHERE ( pid = 4 ) ORDER BY orderby asc, createtime desc  [ RunTime:0.0002s ]
SQL: SELECT * FROM `me_sysmodule` WHERE ( pid = 5 ) ORDER BY orderby asc, createtime desc  [ RunTime:0.0002s ]
SQL: SELECT * FROM `me_sysmodule` WHERE ( pid = 6 ) ORDER BY orderby asc, createtime desc  [ RunTime:0.0002s ]
SQL: SELECT * FROM `me_sysmodule` WHERE ( pid = 8 ) ORDER BY orderby asc, createtime desc  [ RunTime:0.0002s ]
INFO: [ app_end ] --START--
INFO: Run Behavior\ShowPageTraceBehavior [ RunTime:0.000625s ]
INFO: [ app_end ] --END-- [ RunTime:0.000653s ]

[ 2016-02-08T00:01:49+08:00 ] 127.0.0.1 /MineAdmin/Sysadmin/sysmoduleJsonData.html
INFO: [ app_begin ] --START--
INFO: Run Behavior\ReadHtmlCacheBehavior [ RunTime:0.000596s ]
INFO: [ app_begin ] --END-- [ RunTime:0.001000s ]
SQL: SHOW COLUMNS FROM `me_sysmodule` [ RunTime:0.0022s ]
SQL: SELECT * FROM `me_sysmodule` WHERE ( pid = 0 ) ORDER BY orderby asc, createtime desc  [ RunTime:0.0004s ]
SQL: SELECT * FROM `me_sysmodule` WHERE ( pid = 1 ) ORDER BY orderby asc, createtime desc  [ RunTime:0.0003s ]
SQL: SELECT * FROM `me_sysmodule` WHERE ( pid = 2 ) ORDER BY orderby asc, createtime desc  [ RunTime:0.0003s ]
SQL: SELECT * FROM `me_sysmodule` WHERE ( pid = 3 ) ORDER BY orderby asc, createtime desc  [ RunTime:0.0003s ]
SQL: SELECT * FROM `me_sysmodule` WHERE ( pid = 4 ) ORDER BY orderby asc, createtime desc  [ RunTime:0.0003s ]
SQL: SELECT * FROM `me_sysmodule` WHERE ( pid = 5 ) ORDER BY orderby asc, createtime desc  [ RunTime:0.0005s ]
SQL: SELECT * FROM `me_sysmodule` WHERE ( pid = 6 ) ORDER BY orderby asc, createtime desc  [ RunTime:0.0004s ]
SQL: SELECT * FROM `me_sysmodule` WHERE ( pid = 8 ) ORDER BY orderby asc, createtime desc  [ RunTime:0.0002s ]
INFO: [ app_end ] --START--
INFO: Run Behavior\ShowPageTraceBehavior [ RunTime:0.000572s ]
INFO: [ app_end ] --END-- [ RunTime:0.000602s ]

[ 2016-02-08T00:02:29+08:00 ] 127.0.0.1 /MineAdmin/Sysadmin/sysmoduleJsonData.html
INFO: [ app_begin ] --START--
INFO: Run Behavior\ReadHtmlCacheBehavior [ RunTime:0.000324s ]
INFO: [ app_begin ] --END-- [ RunTime:0.000612s ]
SQL: SHOW COLUMNS FROM `me_sysmodule` [ RunTime:0.0027s ]
SQL: SELECT * FROM `me_sysmodule` WHERE ( pid = 0 ) ORDER BY orderby asc, createtime desc  [ RunTime:0.0004s ]
SQL: SELECT * FROM `me_sysmodule` WHERE ( pid = 1 ) ORDER BY orderby asc, createtime desc  [ RunTime:0.0003s ]
SQL: SELECT * FROM `me_sysmodule` WHERE ( pid = 2 ) ORDER BY orderby asc, createtime desc  [ RunTime:0.0003s ]
SQL: SELECT * FROM `me_sysmodule` WHERE ( pid = 3 ) ORDER BY orderby asc, createtime desc  [ RunTime:0.0003s ]
SQL: SELECT * FROM `me_sysmodule` WHERE ( pid = 4 ) ORDER BY orderby asc, createtime desc  [ RunTime:0.0003s ]
SQL: SELECT * FROM `me_sysmodule` WHERE ( pid = 5 ) ORDER BY orderby asc, createtime desc  [ RunTime:0.0003s ]
SQL: SELECT * FROM `me_sysmodule` WHERE ( pid = 6 ) ORDER BY orderby asc, createtime desc  [ RunTime:0.0003s ]
SQL: SELECT * FROM `me_sysmodule` WHERE ( pid = 8 ) ORDER BY orderby asc, createtime desc  [ RunTime:0.0003s ]
INFO: [ app_end ] --START--
INFO: Run Behavior\ShowPageTraceBehavior [ RunTime:0.000771s ]
INFO: [ app_end ] --END-- [ RunTime:0.000816s ]

[ 2016-02-08T00:03:27+08:00 ] 127.0.0.1 /MineAdmin/Sysadmin/sysmoduleJsonData.html
INFO: [ app_begin ] --START--
INFO: Run Behavior\ReadHtmlCacheBehavior [ RunTime:0.000536s ]
INFO: [ app_begin ] --END-- [ RunTime:0.000926s ]
SQL: SHOW COLUMNS FROM `me_sysmodule` [ RunTime:0.0026s ]
SQL: SELECT * FROM `me_sysmodule` WHERE ( pid = 0 ) ORDER BY orderby asc, createtime desc  [ RunTime:0.0003s ]
SQL: SELECT * FROM `me_sysmodule` WHERE ( pid = 1 ) ORDER BY orderby asc, createtime desc  [ RunTime:0.0002s ]
SQL: SELECT * FROM `me_sysmodule` WHERE ( pid = 2 ) ORDER BY orderby asc, createtime desc  [ RunTime:0.0003s ]
SQL: SELECT * FROM `me_sysmodule` WHERE ( pid = 3 ) ORDER BY orderby asc, createtime desc  [ RunTime:0.0003s ]
SQL: SELECT * FROM `me_sysmodule` WHERE ( pid = 4 ) ORDER BY orderby asc, createtime desc  [ RunTime:0.0003s ]
SQL: SELECT * FROM `me_sysmodule` WHERE ( pid = 5 ) ORDER BY orderby asc, createtime desc  [ RunTime:0.0002s ]
SQL: SELECT * FROM `me_sysmodule` WHERE ( pid = 6 ) ORDER BY orderby asc, createtime desc  [ RunTime:0.0002s ]
SQL: SELECT * FROM `me_sysmodule` WHERE ( pid = 8 ) ORDER BY orderby asc, createtime desc  [ RunTime:0.0002s ]
INFO: [ app_end ] --START--
INFO: Run Behavior\ShowPageTraceBehavior [ RunTime:0.000616s ]
INFO: [ app_end ] --END-- [ RunTime:0.000646s ]

[ 2016-02-08T00:03:45+08:00 ] 127.0.0.1 /MineAdmin/Sysadmin/sysmoduleJsonData.html
INFO: [ app_begin ] --START--
INFO: Run Behavior\ReadHtmlCacheBehavior [ RunTime:0.000489s ]
INFO: [ app_begin ] --END-- [ RunTime:0.000735s ]
SQL: SHOW COLUMNS FROM `me_sysmodule` [ RunTime:0.0039s ]
SQL: SELECT * FROM `me_sysmodule` WHERE ( pid = 0 ) ORDER BY orderby asc, createtime desc  [ RunTime:0.0003s ]
SQL: SELECT * FROM `me_sysmodule` WHERE ( pid = 1 ) ORDER BY orderby asc, createtime desc  [ RunTime:0.0002s ]
SQL: SELECT * FROM `me_sysmodule` WHERE ( pid = 2 ) ORDER BY orderby asc, createtime desc  [ RunTime:0.0002s ]
SQL: SELECT * FROM `me_sysmodule` WHERE ( pid = 3 ) ORDER BY orderby asc, createtime desc  [ RunTime:0.0001s ]
SQL: SELECT * FROM `me_sysmodule` WHERE ( pid = 4 ) ORDER BY orderby asc, createtime desc  [ RunTime:0.0001s ]
SQL: SELECT * FROM `me_sysmodule` WHERE ( pid = 5 ) ORDER BY orderby asc, createtime desc  [ RunTime:0.0003s ]
SQL: SELECT * FROM `me_sysmodule` WHERE ( pid = 6 ) ORDER BY orderby asc, createtime desc  [ RunTime:0.0002s ]
SQL: SELECT * FROM `me_sysmodule` WHERE ( pid = 8 ) ORDER BY orderby asc, createtime desc  [ RunTime:0.0002s ]
INFO: [ app_end ] --START--
INFO: Run Behavior\ShowPageTraceBehavior [ RunTime:0.000781s ]
INFO: [ app_end ] --END-- [ RunTime:0.000812s ]

[ 2016-02-08T00:07:03+08:00 ] 127.0.0.1 /MineAdmin/Sysadmin/sysmoduleJsonData.html
INFO: [ app_begin ] --START--
INFO: Run Behavior\ReadHtmlCacheBehavior [ RunTime:0.000464s ]
INFO: [ app_begin ] --END-- [ RunTime:0.000717s ]
SQL: SHOW COLUMNS FROM `me_sysmodule` [ RunTime:0.0025s ]
SQL: SELECT * FROM `me_sysmodule` WHERE ( pid = 0 ) ORDER BY orderby asc, createtime desc  [ RunTime:0.0003s ]
SQL: SELECT * FROM `me_sysmodule` WHERE ( pid = 1 ) ORDER BY orderby asc, createtime desc  [ RunTime:0.0003s ]
SQL: SELECT * FROM `me_sysmodule` WHERE ( pid = 2 ) ORDER BY orderby asc, createtime desc  [ RunTime:0.0002s ]
SQL: SELECT * FROM `me_sysmodule` WHERE ( pid = 3 ) ORDER BY orderby asc, createtime desc  [ RunTime:0.0003s ]
SQL: SELECT * FROM `me_sysmodule` WHERE ( pid = 4 ) ORDER BY orderby asc, createtime desc  [ RunTime:0.0003s ]
SQL: SELECT * FROM `me_sysmodule` WHERE ( pid = 5 ) ORDER BY orderby asc, createtime desc  [ RunTime:0.0002s ]
SQL: SELECT * FROM `me_sysmodule` WHERE ( pid = 6 ) ORDER BY orderby asc, createtime desc  [ RunTime:0.0002s ]
SQL: SELECT * FROM `me_sysmodule` WHERE ( pid = 8 ) ORDER BY orderby asc, createtime desc  [ RunTime:0.0002s ]
INFO: [ app_end ] --START--
INFO: Run Behavior\ShowPageTraceBehavior [ RunTime:0.000626s ]
INFO: [ app_end ] --END-- [ RunTime:0.000765s ]

[ 2016-02-08T00:09:46+08:00 ] 127.0.0.1 /MineAdmin/Sysadmin/sysmoduleJsonData.html
INFO: [ app_begin ] --START--
INFO: Run Behavior\ReadHtmlCacheBehavior [ RunTime:0.000446s ]
INFO: [ app_begin ] --END-- [ RunTime:0.000680s ]
SQL: SHOW COLUMNS FROM `me_sysmodule` [ RunTime:0.0025s ]
SQL: SELECT * FROM `me_sysmodule` WHERE ( pid = 0 ) ORDER BY orderby asc, createtime desc  [ RunTime:0.0002s ]
SQL: SELECT * FROM `me_sysmodule` WHERE ( pid = 1 ) ORDER BY orderby asc, createtime desc  [ RunTime:0.0002s ]
SQL: SELECT * FROM `me_sysmodule` WHERE ( pid = 2 ) ORDER BY orderby asc, createtime desc  [ RunTime:0.0002s ]
SQL: SELECT * FROM `me_sysmodule` WHERE ( pid = 3 ) ORDER BY orderby asc, createtime desc  [ RunTime:0.0002s ]
SQL: SELECT * FROM `me_sysmodule` WHERE ( pid = 4 ) ORDER BY orderby asc, createtime desc  [ RunTime:0.0003s ]
SQL: SELECT * FROM `me_sysmodule` WHERE ( pid = 5 ) ORDER BY orderby asc, createtime desc  [ RunTime:0.0002s ]
SQL: SELECT * FROM `me_sysmodule` WHERE ( pid = 6 ) ORDER BY orderby asc, createtime desc  [ RunTime:0.0003s ]
SQL: SELECT * FROM `me_sysmodule` WHERE ( pid = 8 ) ORDER BY orderby asc, createtime desc  [ RunTime:0.0002s ]
INFO: [ app_end ] --START--
INFO: Run Behavior\ShowPageTraceBehavior [ RunTime:0.000887s ]
INFO: [ app_end ] --END-- [ RunTime:0.000940s ]

[ 2016-02-08T00:10:54+08:00 ] 127.0.0.1 /MineAdmin/Sysadmin/sysmoduleJsonData.html
INFO: [ app_begin ] --START--
INFO: Run Behavior\ReadHtmlCacheBehavior [ RunTime:0.001070s ]
INFO: [ app_begin ] --END-- [ RunTime:0.001705s ]
SQL: SHOW COLUMNS FROM `me_sysmodule` [ RunTime:0.0023s ]
SQL: SELECT * FROM `me_sysmodule` WHERE ( pid = 0 ) ORDER BY orderby asc, createtime desc  [ RunTime:0.0002s ]
SQL: SELECT * FROM `me_sysmodule` WHERE ( pid = 1 ) ORDER BY orderby asc, createtime desc  [ RunTime:0.0002s ]
SQL: SELECT * FROM `me_sysmodule` WHERE ( pid = 2 ) ORDER BY orderby asc, createtime desc  [ RunTime:0.0002s ]
SQL: SELECT * FROM `me_sysmodule` WHERE ( pid = 3 ) ORDER BY orderby asc, createtime desc  [ RunTime:0.0001s ]
SQL: SELECT * FROM `me_sysmodule` WHERE ( pid = 4 ) ORDER BY orderby asc, createtime desc  [ RunTime:0.0002s ]
SQL: SELECT * FROM `me_sysmodule` WHERE ( pid = 5 ) ORDER BY orderby asc, createtime desc  [ RunTime:0.0001s ]
SQL: SELECT * FROM `me_sysmodule` WHERE ( pid = 6 ) ORDER BY orderby asc, createtime desc  [ RunTime:0.0001s ]
SQL: SELECT * FROM `me_sysmodule` WHERE ( pid = 8 ) ORDER BY orderby asc, createtime desc  [ RunTime:0.0002s ]
INFO: [ app_end ] --START--
INFO: Run Behavior\ShowPageTraceBehavior [ RunTime:0.000508s ]
INFO: [ app_end ] --END-- [ RunTime:0.000544s ]

[ 2016-02-08T00:15:36+08:00 ] 127.0.0.1 /MineAdmin/Sysadmin/sysmoduleJsonData.html
INFO: [ app_begin ] --START--
INFO: Run Behavior\ReadHtmlCacheBehavior [ RunTime:0.000491s ]
INFO: [ app_begin ] --END-- [ RunTime:0.000785s ]
SQL: SHOW COLUMNS FROM `me_sysmodule` [ RunTime:0.0030s ]
SQL: SELECT * FROM `me_sysmodule` WHERE ( pid = 0 ) ORDER BY orderby asc, createtime desc  [ RunTime:0.0004s ]
SQL: SELECT * FROM `me_sysmodule` WHERE ( pid = 1 ) ORDER BY orderby asc, createtime desc  [ RunTime:0.0002s ]
SQL: SELECT * FROM `me_sysmodule` WHERE ( pid = 2 ) ORDER BY orderby asc, createtime desc  [ RunTime:0.0002s ]
SQL: SELECT * FROM `me_sysmodule` WHERE ( pid = 3 ) ORDER BY orderby asc, createtime desc  [ RunTime:0.0002s ]
SQL: SELECT * FROM `me_sysmodule` WHERE ( pid = 4 ) ORDER BY orderby asc, createtime desc  [ RunTime:0.0002s ]
SQL: SELECT * FROM `me_sysmodule` WHERE ( pid = 5 ) ORDER BY orderby asc, createtime desc  [ RunTime:0.0002s ]
SQL: SELECT * FROM `me_sysmodule` WHERE ( pid = 6 ) ORDER BY orderby asc, createtime desc  [ RunTime:0.0002s ]
SQL: SELECT * FROM `me_sysmodule` WHERE ( pid = 8 ) ORDER BY orderby asc, createtime desc  [ RunTime:0.0002s ]
INFO: [ app_end ] --START--
INFO: Run Behavior\ShowPageTraceBehavior [ RunTime:0.000481s ]
INFO: [ app_end ] --END-- [ RunTime:0.000509s ]

[ 2016-02-08T00:16:23+08:00 ] 127.0.0.1 /MineAdmin/Sysadmin/sysmoduleJsonData.html
INFO: [ app_begin ] --START--
INFO: Run Behavior\ReadHtmlCacheBehavior [ RunTime:0.000387s ]
INFO: [ app_begin ] --END-- [ RunTime:0.000606s ]
SQL: SHOW COLUMNS FROM `me_sysmodule` [ RunTime:0.0044s ]
SQL: SELECT * FROM `me_sysmodule` WHERE ( pid = 0 ) ORDER BY orderby asc, createtime desc  [ RunTime:0.0003s ]
SQL: SELECT * FROM `me_sysmodule` WHERE ( pid = 1 ) ORDER BY orderby asc, createtime desc  [ RunTime:0.0002s ]
SQL: SELECT * FROM `me_sysmodule` WHERE ( pid = 2 ) ORDER BY orderby asc, createtime desc  [ RunTime:0.0002s ]
SQL: SELECT * FROM `me_sysmodule` WHERE ( pid = 3 ) ORDER BY orderby asc, createtime desc  [ RunTime:0.0002s ]
SQL: SELECT * FROM `me_sysmodule` WHERE ( pid = 4 ) ORDER BY orderby asc, createtime desc  [ RunTime:0.0002s ]
SQL: SELECT * FROM `me_sysmodule` WHERE ( pid = 5 ) ORDER BY orderby asc, createtime desc  [ RunTime:0.0002s ]
SQL: SELECT * FROM `me_sysmodule` WHERE ( pid = 6 ) ORDER BY orderby asc, createtime desc  [ RunTime:0.0002s ]
SQL: SELECT * FROM `me_sysmodule` WHERE ( pid = 8 ) ORDER BY orderby asc, createtime desc  [ RunTime:0.0002s ]
INFO: [ app_end ] --START--
INFO: Run Behavior\ShowPageTraceBehavior [ RunTime:0.000532s ]
INFO: [ app_end ] --END-- [ RunTime:0.000560s ]

[ 2016-02-08T00:17:53+08:00 ] 127.0.0.1 /MineAdmin/Sysadmin/sysmoduleJsonData.html
INFO: [ app_begin ] --START--
INFO: Run Behavior\ReadHtmlCacheBehavior [ RunTime:0.000409s ]
INFO: [ app_begin ] --END-- [ RunTime:0.000666s ]
SQL: SHOW COLUMNS FROM `me_sysmodule` [ RunTime:0.0029s ]
SQL: SELECT * FROM `me_sysmodule` WHERE ( pid = 0 ) ORDER BY orderby asc, createtime desc  [ RunTime:0.0003s ]
SQL: SELECT * FROM `me_sysmodule` WHERE ( pid = 1 ) ORDER BY orderby asc, createtime desc  [ RunTime:0.0003s ]
SQL: SELECT * FROM `me_sysmodule` WHERE ( pid = 2 ) ORDER BY orderby asc, createtime desc  [ RunTime:0.0003s ]
SQL: SELECT * FROM `me_sysmodule` WHERE ( pid = 3 ) ORDER BY orderby asc, createtime desc  [ RunTime:0.0003s ]
SQL: SELECT * FROM `me_sysmodule` WHERE ( pid = 4 ) ORDER BY orderby asc, createtime desc  [ RunTime:0.0002s ]
SQL: SELECT * FROM `me_sysmodule` WHERE ( pid = 5 ) ORDER BY orderby asc, createtime desc  [ RunTime:0.0002s ]
SQL: SELECT * FROM `me_sysmodule` WHERE ( pid = 6 ) ORDER BY orderby asc, createtime desc  [ RunTime:0.0002s ]
SQL: SELECT * FROM `me_sysmodule` WHERE ( pid = 8 ) ORDER BY orderby asc, createtime desc  [ RunTime:0.0002s ]
INFO: [ app_end ] --START--
INFO: Run Behavior\ShowPageTraceBehavior [ RunTime:0.000895s ]
INFO: [ app_end ] --END-- [ RunTime:0.000952s ]

[ 2016-02-08T00:18:12+08:00 ] 127.0.0.1 /MineAdmin/Sysadmin/sysmoduleJsonData.html
INFO: [ app_begin ] --START--
INFO: Run Behavior\ReadHtmlCacheBehavior [ RunTime:0.000465s ]
INFO: [ app_begin ] --END-- [ RunTime:0.000714s ]
SQL: SHOW COLUMNS FROM `me_sysmodule` [ RunTime:0.0029s ]
SQL: SELECT * FROM `me_sysmodule` WHERE ( pid = 0 ) ORDER BY orderby asc, createtime desc  [ RunTime:0.0004s ]
SQL: SELECT * FROM `me_sysmodule` WHERE ( pid = 1 ) ORDER BY orderby asc, createtime desc  [ RunTime:0.0003s ]
SQL: SELECT * FROM `me_sysmodule` WHERE ( pid = 2 ) ORDER BY orderby asc, createtime desc  [ RunTime:0.0002s ]
SQL: SELECT * FROM `me_sysmodule` WHERE ( pid = 3 ) ORDER BY orderby asc, createtime desc  [ RunTime:0.0001s ]
SQL: SELECT * FROM `me_sysmodule` WHERE ( pid = 4 ) ORDER BY orderby asc, createtime desc  [ RunTime:0.0001s ]
SQL: SELECT * FROM `me_sysmodule` WHERE ( pid = 5 ) ORDER BY orderby asc, createtime desc  [ RunTime:0.0001s ]
SQL: SELECT * FROM `me_sysmodule` WHERE ( pid = 6 ) ORDER BY orderby asc, createtime desc  [ RunTime:0.0001s ]
SQL: SELECT * FROM `me_sysmodule` WHERE ( pid = 8 ) ORDER BY orderby asc, createtime desc  [ RunTime:0.0002s ]
INFO: [ app_end ] --START--
INFO: Run Behavior\ShowPageTraceBehavior [ RunTime:0.000822s ]
INFO: [ app_end ] --END-- [ RunTime:0.000851s ]

[ 2016-02-08T00:18:30+08:00 ] 127.0.0.1 /MineAdmin/Sysadmin/sysmoduleJsonData.html
INFO: [ app_begin ] --START--
INFO: Run Behavior\ReadHtmlCacheBehavior [ RunTime:0.000858s ]
INFO: [ app_begin ] --END-- [ RunTime:0.001228s ]
SQL: SHOW COLUMNS FROM `me_sysmodule` [ RunTime:0.0025s ]
SQL: SELECT * FROM `me_sysmodule` WHERE ( pid = 0 ) ORDER BY orderby asc, createtime desc  [ RunTime:0.0003s ]
SQL: SELECT * FROM `me_sysmodule` WHERE ( pid = 1 ) ORDER BY orderby asc, createtime desc  [ RunTime:0.0002s ]
SQL: SELECT * FROM `me_sysmodule` WHERE ( pid = 2 ) ORDER BY orderby asc, createtime desc  [ RunTime:0.0002s ]
SQL: SELECT * FROM `me_sysmodule` WHERE ( pid = 3 ) ORDER BY orderby asc, createtime desc  [ RunTime:0.0002s ]
SQL: SELECT * FROM `me_sysmodule` WHERE ( pid = 4 ) ORDER BY orderby asc, createtime desc  [ RunTime:0.0002s ]
SQL: SELECT * FROM `me_sysmodule` WHERE ( pid = 5 ) ORDER BY orderby asc, createtime desc  [ RunTime:0.0002s ]
SQL: SELECT * FROM `me_sysmodule` WHERE ( pid = 6 ) ORDER BY orderby asc, createtime desc  [ RunTime:0.0002s ]
SQL: SELECT * FROM `me_sysmodule` WHERE ( pid = 8 ) ORDER BY orderby asc, createtime desc  [ RunTime:0.0002s ]
INFO: [ app_end ] --START--
INFO: Run Behavior\ShowPageTraceBehavior [ RunTime:0.000455s ]
INFO: [ app_end ] --END-- [ RunTime:0.000480s ]

